[2024-11-14 13:13:55.744] [info] Loaded model DAS3_clav_scap_orig from file das3.osim
[2024-11-14 13:13:55.744] [warning] Couldn't find file 'ground_ribs.vtp'.
[2024-11-14 13:13:55.744] [warning] Couldn't find file 'ground_spine.vtp'.
[2024-11-14 13:13:55.744] [warning] Couldn't find file 'ground_skull.vtp'.
[2024-11-14 13:13:55.744] [warning] Couldn't find file 'ground_jaw.vtp'.
[2024-11-14 13:13:55.745] [warning] Couldn't find file 'rclavicle.vtp'.
[2024-11-14 13:13:55.745] [warning] Couldn't find file 'rscapula.vtp'.
[2024-11-14 13:13:55.745] [warning] Couldn't find file 'rhumerus.vtp'.
[2024-11-14 13:13:55.745] [warning] Couldn't find file 'rulna.vtp'.
[2024-11-14 13:13:55.745] [warning] Couldn't find file 'rradius.vtp'.
[2024-11-14 13:13:55.745] [warning] Couldn't find file 'r_hand.vtp'.
[2024-11-14 13:14:04.794] [info] Loaded model DAS3_clav_scap_orig from file das3.osim
[2024-11-14 13:14:04.795] [warning] Couldn't find file 'ground_ribs.vtp'.
[2024-11-14 13:14:04.795] [warning] Couldn't find file 'ground_spine.vtp'.
[2024-11-14 13:14:04.795] [warning] Couldn't find file 'ground_skull.vtp'.
[2024-11-14 13:14:04.795] [warning] Couldn't find file 'ground_jaw.vtp'.
[2024-11-14 13:14:04.795] [warning] Couldn't find file 'rclavicle.vtp'.
[2024-11-14 13:14:04.795] [warning] Couldn't find file 'rscapula.vtp'.
[2024-11-14 13:14:04.795] [warning] Couldn't find file 'rhumerus.vtp'.
[2024-11-14 13:14:04.795] [warning] Couldn't find file 'rulna.vtp'.
[2024-11-14 13:14:04.795] [warning] Couldn't find file 'rradius.vtp'.
[2024-11-14 13:14:04.795] [warning] Couldn't find file 'r_hand.vtp'.
[2024-11-14 13:28:10.845] [info] Loaded model DAS3_clav_scap_orig from file das3.osim
[2024-11-14 13:28:10.845] [warning] Couldn't find file 'ground_ribs.vtp'.
[2024-11-14 13:28:10.845] [warning] Couldn't find file 'ground_spine.vtp'.
[2024-11-14 13:28:10.846] [warning] Couldn't find file 'ground_skull.vtp'.
[2024-11-14 13:28:10.846] [warning] Couldn't find file 'ground_jaw.vtp'.
[2024-11-14 13:28:10.846] [warning] Couldn't find file 'rclavicle.vtp'.
[2024-11-14 13:28:10.846] [warning] Couldn't find file 'rscapula.vtp'.
[2024-11-14 13:28:10.846] [warning] Couldn't find file 'rhumerus.vtp'.
[2024-11-14 13:28:10.846] [warning] Couldn't find file 'rulna.vtp'.
[2024-11-14 13:28:10.846] [warning] Couldn't find file 'rradius.vtp'.
[2024-11-14 13:28:10.846] [warning] Couldn't find file 'r_hand.vtp'.
[2024-11-14 13:28:11.959] [info] Loaded model DAS3_clav_scap_orig from file das3.osim
[2024-11-14 13:28:11.959] [warning] Couldn't find file 'ground_ribs.vtp'.
[2024-11-14 13:28:11.959] [warning] Couldn't find file 'ground_spine.vtp'.
[2024-11-14 13:28:11.959] [warning] Couldn't find file 'ground_skull.vtp'.
[2024-11-14 13:28:11.959] [warning] Couldn't find file 'ground_jaw.vtp'.
[2024-11-14 13:28:11.959] [warning] Couldn't find file 'rclavicle.vtp'.
[2024-11-14 13:28:11.959] [warning] Couldn't find file 'rscapula.vtp'.
[2024-11-14 13:28:11.960] [warning] Couldn't find file 'rhumerus.vtp'.
[2024-11-14 13:28:11.960] [warning] Couldn't find file 'rulna.vtp'.
[2024-11-14 13:28:11.960] [warning] Couldn't find file 'rradius.vtp'.
[2024-11-14 13:28:11.960] [warning] Couldn't find file 'r_hand.vtp'.
[2024-11-14 13:29:09.227] [info] Loaded model DAS3_clav_scap_orig from file das3.osim
[2024-11-14 13:29:09.227] [warning] Couldn't find file 'ground_ribs.vtp'.
[2024-11-14 13:29:09.227] [warning] Couldn't find file 'ground_spine.vtp'.
[2024-11-14 13:29:09.227] [warning] Couldn't find file 'ground_skull.vtp'.
[2024-11-14 13:29:09.227] [warning] Couldn't find file 'ground_jaw.vtp'.
[2024-11-14 13:29:09.228] [warning] Couldn't find file 'rclavicle.vtp'.
[2024-11-14 13:29:09.228] [warning] Couldn't find file 'rscapula.vtp'.
[2024-11-14 13:29:09.228] [warning] Couldn't find file 'rhumerus.vtp'.
[2024-11-14 13:29:09.228] [warning] Couldn't find file 'rulna.vtp'.
[2024-11-14 13:29:09.228] [warning] Couldn't find file 'rradius.vtp'.
[2024-11-14 13:29:09.228] [warning] Couldn't find file 'r_hand.vtp'.
[2024-11-14 13:29:33.313] [info] Loaded model DAS3_clav_scap_orig from file das3.osim
[2024-11-14 13:29:33.313] [warning] Couldn't find file 'ground_ribs.vtp'.
[2024-11-14 13:29:33.313] [warning] Couldn't find file 'ground_spine.vtp'.
[2024-11-14 13:29:33.313] [warning] Couldn't find file 'ground_skull.vtp'.
[2024-11-14 13:29:33.313] [warning] Couldn't find file 'ground_jaw.vtp'.
[2024-11-14 13:29:33.313] [warning] Couldn't find file 'rclavicle.vtp'.
[2024-11-14 13:29:33.314] [warning] Couldn't find file 'rscapula.vtp'.
[2024-11-14 13:29:33.314] [warning] Couldn't find file 'rhumerus.vtp'.
[2024-11-14 13:29:33.314] [warning] Couldn't find file 'rulna.vtp'.
[2024-11-14 13:29:33.314] [warning] Couldn't find file 'rradius.vtp'.
[2024-11-14 13:29:33.314] [warning] Couldn't find file 'r_hand.vtp'.
[2024-11-14 13:29:39.438] [info] Loaded model DAS3_clav_scap_orig from file das3.osim
[2024-11-14 13:29:39.439] [warning] Couldn't find file 'ground_ribs.vtp'.
[2024-11-14 13:29:39.439] [warning] Couldn't find file 'ground_spine.vtp'.
[2024-11-14 13:29:39.439] [warning] Couldn't find file 'ground_skull.vtp'.
[2024-11-14 13:29:39.439] [warning] Couldn't find file 'ground_jaw.vtp'.
[2024-11-14 13:29:39.439] [warning] Couldn't find file 'rclavicle.vtp'.
[2024-11-14 13:29:39.439] [warning] Couldn't find file 'rscapula.vtp'.
[2024-11-14 13:29:39.439] [warning] Couldn't find file 'rhumerus.vtp'.
[2024-11-14 13:29:39.439] [warning] Couldn't find file 'rulna.vtp'.
[2024-11-14 13:29:39.439] [warning] Couldn't find file 'rradius.vtp'.
[2024-11-14 13:29:39.439] [warning] Couldn't find file 'r_hand.vtp'.
[2024-11-14 13:36:31.594] [info] Loaded model DAS3_clav_scap_orig from file das3.osim
[2024-11-14 13:36:31.594] [warning] Couldn't find file 'ground_ribs.vtp'.
[2024-11-14 13:36:31.595] [warning] Couldn't find file 'ground_spine.vtp'.
[2024-11-14 13:36:31.595] [warning] Couldn't find file 'ground_skull.vtp'.
[2024-11-14 13:36:31.595] [warning] Couldn't find file 'ground_jaw.vtp'.
[2024-11-14 13:36:31.595] [warning] Couldn't find file 'rclavicle.vtp'.
[2024-11-14 13:36:31.595] [warning] Couldn't find file 'rscapula.vtp'.
[2024-11-14 13:36:31.595] [warning] Couldn't find file 'rhumerus.vtp'.
[2024-11-14 13:36:31.595] [warning] Couldn't find file 'rulna.vtp'.
[2024-11-14 13:36:31.595] [warning] Couldn't find file 'rradius.vtp'.
[2024-11-14 13:36:31.595] [warning] Couldn't find file 'r_hand.vtp'.
[2024-11-14 13:36:32.291] [info] Loaded model DAS3_clav_scap_orig from file das3.osim
[2024-11-14 13:36:32.291] [warning] Couldn't find file 'ground_ribs.vtp'.
[2024-11-14 13:36:32.291] [warning] Couldn't find file 'ground_spine.vtp'.
[2024-11-14 13:36:32.291] [warning] Couldn't find file 'ground_skull.vtp'.
[2024-11-14 13:36:32.291] [warning] Couldn't find file 'ground_jaw.vtp'.
[2024-11-14 13:36:32.291] [warning] Couldn't find file 'rclavicle.vtp'.
[2024-11-14 13:36:32.291] [warning] Couldn't find file 'rscapula.vtp'.
[2024-11-14 13:36:32.291] [warning] Couldn't find file 'rhumerus.vtp'.
[2024-11-14 13:36:32.291] [warning] Couldn't find file 'rulna.vtp'.
[2024-11-14 13:36:32.292] [warning] Couldn't find file 'rradius.vtp'.
[2024-11-14 13:36:32.292] [warning] Couldn't find file 'r_hand.vtp'.
[2024-11-14 13:37:24.631] [info] Loaded model DAS3_clav_scap_orig from file das3.osim
[2024-11-14 13:37:24.631] [warning] Couldn't find file 'ground_ribs.vtp'.
[2024-11-14 13:37:24.631] [warning] Couldn't find file 'ground_spine.vtp'.
[2024-11-14 13:37:24.631] [warning] Couldn't find file 'ground_skull.vtp'.
[2024-11-14 13:37:24.632] [warning] Couldn't find file 'ground_jaw.vtp'.
[2024-11-14 13:37:24.632] [warning] Couldn't find file 'rclavicle.vtp'.
[2024-11-14 13:37:24.632] [warning] Couldn't find file 'rscapula.vtp'.
[2024-11-14 13:37:24.632] [warning] Couldn't find file 'rhumerus.vtp'.
[2024-11-14 13:37:24.632] [warning] Couldn't find file 'rulna.vtp'.
[2024-11-14 13:37:24.632] [warning] Couldn't find file 'rradius.vtp'.
[2024-11-14 13:37:24.632] [warning] Couldn't find file 'r_hand.vtp'.
[2024-11-14 13:37:25.257] [info] Loaded model DAS3_clav_scap_orig from file das3.osim
[2024-11-14 13:37:25.257] [warning] Couldn't find file 'ground_ribs.vtp'.
[2024-11-14 13:37:25.258] [warning] Couldn't find file 'ground_spine.vtp'.
[2024-11-14 13:37:25.258] [warning] Couldn't find file 'ground_skull.vtp'.
[2024-11-14 13:37:25.258] [warning] Couldn't find file 'ground_jaw.vtp'.
[2024-11-14 13:37:25.258] [warning] Couldn't find file 'rclavicle.vtp'.
[2024-11-14 13:37:25.258] [warning] Couldn't find file 'rscapula.vtp'.
[2024-11-14 13:37:25.258] [warning] Couldn't find file 'rhumerus.vtp'.
[2024-11-14 13:37:25.258] [warning] Couldn't find file 'rulna.vtp'.
[2024-11-14 13:37:25.258] [warning] Couldn't find file 'rradius.vtp'.
[2024-11-14 13:37:25.258] [warning] Couldn't find file 'r_hand.vtp'.
[2024-11-14 13:38:33.080] [info] Loaded model DAS3_clav_scap_orig from file das3.osim
[2024-11-14 13:38:33.080] [warning] Couldn't find file 'ground_ribs.vtp'.
[2024-11-14 13:38:33.080] [warning] Couldn't find file 'ground_spine.vtp'.
[2024-11-14 13:38:33.080] [warning] Couldn't find file 'ground_skull.vtp'.
[2024-11-14 13:38:33.080] [warning] Couldn't find file 'ground_jaw.vtp'.
[2024-11-14 13:38:33.081] [warning] Couldn't find file 'rclavicle.vtp'.
[2024-11-14 13:38:33.081] [warning] Couldn't find file 'rscapula.vtp'.
[2024-11-14 13:38:33.081] [warning] Couldn't find file 'rhumerus.vtp'.
[2024-11-14 13:38:33.081] [warning] Couldn't find file 'rulna.vtp'.
[2024-11-14 13:38:33.081] [warning] Couldn't find file 'rradius.vtp'.
[2024-11-14 13:38:33.081] [warning] Couldn't find file 'r_hand.vtp'.
[2024-11-14 13:38:33.685] [info] Loaded model DAS3_clav_scap_orig from file das3.osim
[2024-11-14 13:38:33.686] [warning] Couldn't find file 'ground_ribs.vtp'.
[2024-11-14 13:38:33.686] [warning] Couldn't find file 'ground_spine.vtp'.
[2024-11-14 13:38:33.686] [warning] Couldn't find file 'ground_skull.vtp'.
[2024-11-14 13:38:33.686] [warning] Couldn't find file 'ground_jaw.vtp'.
[2024-11-14 13:38:33.686] [warning] Couldn't find file 'rclavicle.vtp'.
[2024-11-14 13:38:33.686] [warning] Couldn't find file 'rscapula.vtp'.
[2024-11-14 13:38:33.686] [warning] Couldn't find file 'rhumerus.vtp'.
[2024-11-14 13:38:33.686] [warning] Couldn't find file 'rulna.vtp'.
[2024-11-14 13:38:33.686] [warning] Couldn't find file 'rradius.vtp'.
[2024-11-14 13:38:33.686] [warning] Couldn't find file 'r_hand.vtp'.
[2024-11-14 13:39:00.773] [info] Loaded model DAS3_clav_scap_orig from file das3.osim
[2024-11-14 13:39:00.774] [warning] Couldn't find file 'ground_ribs.vtp'.
[2024-11-14 13:39:00.774] [warning] Couldn't find file 'ground_spine.vtp'.
[2024-11-14 13:39:00.774] [warning] Couldn't find file 'ground_skull.vtp'.
[2024-11-14 13:39:00.774] [warning] Couldn't find file 'ground_jaw.vtp'.
[2024-11-14 13:39:00.774] [warning] Couldn't find file 'rclavicle.vtp'.
[2024-11-14 13:39:00.774] [warning] Couldn't find file 'rscapula.vtp'.
[2024-11-14 13:39:00.774] [warning] Couldn't find file 'rhumerus.vtp'.
[2024-11-14 13:39:00.774] [warning] Couldn't find file 'rulna.vtp'.
[2024-11-14 13:39:00.774] [warning] Couldn't find file 'rradius.vtp'.
[2024-11-14 13:39:00.774] [warning] Couldn't find file 'r_hand.vtp'.
[2024-11-14 13:39:01.358] [info] Loaded model DAS3_clav_scap_orig from file das3.osim
[2024-11-14 13:39:01.359] [warning] Couldn't find file 'ground_ribs.vtp'.
[2024-11-14 13:39:01.359] [warning] Couldn't find file 'ground_spine.vtp'.
[2024-11-14 13:39:01.359] [warning] Couldn't find file 'ground_skull.vtp'.
[2024-11-14 13:39:01.359] [warning] Couldn't find file 'ground_jaw.vtp'.
[2024-11-14 13:39:01.359] [warning] Couldn't find file 'rclavicle.vtp'.
[2024-11-14 13:39:01.359] [warning] Couldn't find file 'rscapula.vtp'.
[2024-11-14 13:39:01.359] [warning] Couldn't find file 'rhumerus.vtp'.
[2024-11-14 13:39:01.359] [warning] Couldn't find file 'rulna.vtp'.
[2024-11-14 13:39:01.359] [warning] Couldn't find file 'rradius.vtp'.
[2024-11-14 13:39:01.359] [warning] Couldn't find file 'r_hand.vtp'.
[2024-11-14 13:41:24.528] [info] Loaded model DAS3_clav_scap_orig from file das3.osim
[2024-11-14 13:41:24.529] [warning] Couldn't find file 'ground_ribs.vtp'.
[2024-11-14 13:41:24.529] [warning] Couldn't find file 'ground_spine.vtp'.
[2024-11-14 13:41:24.529] [warning] Couldn't find file 'ground_skull.vtp'.
[2024-11-14 13:41:24.529] [warning] Couldn't find file 'ground_jaw.vtp'.
[2024-11-14 13:41:24.529] [warning] Couldn't find file 'rclavicle.vtp'.
[2024-11-14 13:41:24.529] [warning] Couldn't find file 'rscapula.vtp'.
[2024-11-14 13:41:24.529] [warning] Couldn't find file 'rhumerus.vtp'.
[2024-11-14 13:41:24.529] [warning] Couldn't find file 'rulna.vtp'.
[2024-11-14 13:41:24.529] [warning] Couldn't find file 'rradius.vtp'.
[2024-11-14 13:41:24.529] [warning] Couldn't find file 'r_hand.vtp'.
[2024-11-14 13:41:25.187] [info] Loaded model DAS3_clav_scap_orig from file das3.osim
[2024-11-14 13:41:25.187] [warning] Couldn't find file 'ground_ribs.vtp'.
[2024-11-14 13:41:25.187] [warning] Couldn't find file 'ground_spine.vtp'.
[2024-11-14 13:41:25.187] [warning] Couldn't find file 'ground_skull.vtp'.
[2024-11-14 13:41:25.188] [warning] Couldn't find file 'ground_jaw.vtp'.
[2024-11-14 13:41:25.188] [warning] Couldn't find file 'rclavicle.vtp'.
[2024-11-14 13:41:25.188] [warning] Couldn't find file 'rscapula.vtp'.
[2024-11-14 13:41:25.188] [warning] Couldn't find file 'rhumerus.vtp'.
[2024-11-14 13:41:25.188] [warning] Couldn't find file 'rulna.vtp'.
[2024-11-14 13:41:25.188] [warning] Couldn't find file 'rradius.vtp'.
[2024-11-14 13:41:25.188] [warning] Couldn't find file 'r_hand.vtp'.
[2024-11-14 13:50:41.160] [info] Loaded model DAS3_clav_scap_orig from file das3.osim
[2024-11-14 13:50:41.161] [warning] Couldn't find file 'ground_ribs.vtp'.
[2024-11-14 13:50:41.161] [warning] Couldn't find file 'ground_spine.vtp'.
[2024-11-14 13:50:41.161] [warning] Couldn't find file 'ground_skull.vtp'.
[2024-11-14 13:50:41.161] [warning] Couldn't find file 'ground_jaw.vtp'.
[2024-11-14 13:50:41.161] [warning] Couldn't find file 'rclavicle.vtp'.
[2024-11-14 13:50:41.161] [warning] Couldn't find file 'rscapula.vtp'.
[2024-11-14 13:50:41.161] [warning] Couldn't find file 'rhumerus.vtp'.
[2024-11-14 13:50:41.161] [warning] Couldn't find file 'rulna.vtp'.
[2024-11-14 13:50:41.161] [warning] Couldn't find file 'rradius.vtp'.
[2024-11-14 13:50:41.161] [warning] Couldn't find file 'r_hand.vtp'.
[2024-11-14 13:50:41.781] [info] Loaded model DAS3_clav_scap_orig from file das3.osim
[2024-11-14 13:50:41.782] [warning] Couldn't find file 'ground_ribs.vtp'.
[2024-11-14 13:50:41.782] [warning] Couldn't find file 'ground_spine.vtp'.
[2024-11-14 13:50:41.782] [warning] Couldn't find file 'ground_skull.vtp'.
[2024-11-14 13:50:41.782] [warning] Couldn't find file 'ground_jaw.vtp'.
[2024-11-14 13:50:41.782] [warning] Couldn't find file 'rclavicle.vtp'.
[2024-11-14 13:50:41.782] [warning] Couldn't find file 'rscapula.vtp'.
[2024-11-14 13:50:41.782] [warning] Couldn't find file 'rhumerus.vtp'.
[2024-11-14 13:50:41.782] [warning] Couldn't find file 'rulna.vtp'.
[2024-11-14 13:50:41.782] [warning] Couldn't find file 'rradius.vtp'.
[2024-11-14 13:50:41.782] [warning] Couldn't find file 'r_hand.vtp'.
[2024-11-14 14:21:35.525] [info] Loaded model DAS3_clav_scap_orig from file das3.osim
[2024-11-14 14:21:35.526] [warning] Couldn't find file 'ground_ribs.vtp'.
[2024-11-14 14:21:35.526] [warning] Couldn't find file 'ground_spine.vtp'.
[2024-11-14 14:21:35.526] [warning] Couldn't find file 'ground_skull.vtp'.
[2024-11-14 14:21:35.526] [warning] Couldn't find file 'ground_jaw.vtp'.
[2024-11-14 14:21:35.526] [warning] Couldn't find file 'rclavicle.vtp'.
[2024-11-14 14:21:35.526] [warning] Couldn't find file 'rscapula.vtp'.
[2024-11-14 14:21:35.526] [warning] Couldn't find file 'rhumerus.vtp'.
[2024-11-14 14:21:35.526] [warning] Couldn't find file 'rulna.vtp'.
[2024-11-14 14:21:35.526] [warning] Couldn't find file 'rradius.vtp'.
[2024-11-14 14:21:35.526] [warning] Couldn't find file 'r_hand.vtp'.
[2024-11-14 14:21:36.166] [info] Loaded model DAS3_clav_scap_orig from file das3.osim
[2024-11-14 14:21:36.166] [warning] Couldn't find file 'ground_ribs.vtp'.
[2024-11-14 14:21:36.166] [warning] Couldn't find file 'ground_spine.vtp'.
[2024-11-14 14:21:36.166] [warning] Couldn't find file 'ground_skull.vtp'.
[2024-11-14 14:21:36.166] [warning] Couldn't find file 'ground_jaw.vtp'.
[2024-11-14 14:21:36.167] [warning] Couldn't find file 'rclavicle.vtp'.
[2024-11-14 14:21:36.167] [warning] Couldn't find file 'rscapula.vtp'.
[2024-11-14 14:21:36.167] [warning] Couldn't find file 'rhumerus.vtp'.
[2024-11-14 14:21:36.167] [warning] Couldn't find file 'rulna.vtp'.
[2024-11-14 14:21:36.167] [warning] Couldn't find file 'rradius.vtp'.
[2024-11-14 14:21:36.167] [warning] Couldn't find file 'r_hand.vtp'.
[2024-11-14 14:26:46.755] [info] Loaded model DAS3_clav_scap_orig from file das3.osim
[2024-11-14 14:26:46.756] [warning] Couldn't find file 'ground_ribs.vtp'.
[2024-11-14 14:26:46.756] [warning] Couldn't find file 'ground_spine.vtp'.
[2024-11-14 14:26:46.756] [warning] Couldn't find file 'ground_skull.vtp'.
[2024-11-14 14:26:46.756] [warning] Couldn't find file 'ground_jaw.vtp'.
[2024-11-14 14:26:46.756] [warning] Couldn't find file 'rclavicle.vtp'.
[2024-11-14 14:26:46.756] [warning] Couldn't find file 'rscapula.vtp'.
[2024-11-14 14:26:46.756] [warning] Couldn't find file 'rhumerus.vtp'.
[2024-11-14 14:26:46.756] [warning] Couldn't find file 'rulna.vtp'.
[2024-11-14 14:26:46.756] [warning] Couldn't find file 'rradius.vtp'.
[2024-11-14 14:26:46.756] [warning] Couldn't find file 'r_hand.vtp'.
[2024-11-14 14:26:47.395] [info] Loaded model DAS3_clav_scap_orig from file das3.osim
[2024-11-14 14:26:47.396] [warning] Couldn't find file 'ground_ribs.vtp'.
[2024-11-14 14:26:47.396] [warning] Couldn't find file 'ground_spine.vtp'.
[2024-11-14 14:26:47.396] [warning] Couldn't find file 'ground_skull.vtp'.
[2024-11-14 14:26:47.396] [warning] Couldn't find file 'ground_jaw.vtp'.
[2024-11-14 14:26:47.396] [warning] Couldn't find file 'rclavicle.vtp'.
[2024-11-14 14:26:47.396] [warning] Couldn't find file 'rscapula.vtp'.
[2024-11-14 14:26:47.396] [warning] Couldn't find file 'rhumerus.vtp'.
[2024-11-14 14:26:47.396] [warning] Couldn't find file 'rulna.vtp'.
[2024-11-14 14:26:47.396] [warning] Couldn't find file 'rradius.vtp'.
[2024-11-14 14:26:47.396] [warning] Couldn't find file 'r_hand.vtp'.
[2024-11-14 14:34:43.624] [info] Loaded model DAS3_clav_scap_orig from file das3.osim
[2024-11-14 14:34:43.624] [warning] Couldn't find file 'ground_ribs.vtp'.
[2024-11-14 14:34:43.624] [warning] Couldn't find file 'ground_spine.vtp'.
[2024-11-14 14:34:43.624] [warning] Couldn't find file 'ground_skull.vtp'.
[2024-11-14 14:34:43.624] [warning] Couldn't find file 'ground_jaw.vtp'.
[2024-11-14 14:34:43.624] [warning] Couldn't find file 'rclavicle.vtp'.
[2024-11-14 14:34:43.625] [warning] Couldn't find file 'rscapula.vtp'.
[2024-11-14 14:34:43.625] [warning] Couldn't find file 'rhumerus.vtp'.
[2024-11-14 14:34:43.625] [warning] Couldn't find file 'rulna.vtp'.
[2024-11-14 14:34:43.625] [warning] Couldn't find file 'rradius.vtp'.
[2024-11-14 14:34:43.625] [warning] Couldn't find file 'r_hand.vtp'.
[2024-11-14 14:34:44.282] [info] Loaded model DAS3_clav_scap_orig from file das3.osim
[2024-11-14 14:34:44.283] [warning] Couldn't find file 'ground_ribs.vtp'.
[2024-11-14 14:34:44.283] [warning] Couldn't find file 'ground_spine.vtp'.
[2024-11-14 14:34:44.283] [warning] Couldn't find file 'ground_skull.vtp'.
[2024-11-14 14:34:44.283] [warning] Couldn't find file 'ground_jaw.vtp'.
[2024-11-14 14:34:44.283] [warning] Couldn't find file 'rclavicle.vtp'.
[2024-11-14 14:34:44.283] [warning] Couldn't find file 'rscapula.vtp'.
[2024-11-14 14:34:44.284] [warning] Couldn't find file 'rhumerus.vtp'.
[2024-11-14 14:34:44.284] [warning] Couldn't find file 'rulna.vtp'.
[2024-11-14 14:34:44.284] [warning] Couldn't find file 'rradius.vtp'.
[2024-11-14 14:34:44.284] [warning] Couldn't find file 'r_hand.vtp'.
[2024-11-14 14:36:23.055] [info] Loaded model DAS3_clav_scap_orig from file das3.osim
[2024-11-14 14:36:23.055] [warning] Couldn't find file 'ground_ribs.vtp'.
[2024-11-14 14:36:23.056] [warning] Couldn't find file 'ground_spine.vtp'.
[2024-11-14 14:36:23.056] [warning] Couldn't find file 'ground_skull.vtp'.
[2024-11-14 14:36:23.056] [warning] Couldn't find file 'ground_jaw.vtp'.
[2024-11-14 14:36:23.056] [warning] Couldn't find file 'rclavicle.vtp'.
[2024-11-14 14:36:23.056] [warning] Couldn't find file 'rscapula.vtp'.
[2024-11-14 14:36:23.056] [warning] Couldn't find file 'rhumerus.vtp'.
[2024-11-14 14:36:23.056] [warning] Couldn't find file 'rulna.vtp'.
[2024-11-14 14:36:23.056] [warning] Couldn't find file 'rradius.vtp'.
[2024-11-14 14:36:23.056] [warning] Couldn't find file 'r_hand.vtp'.
[2024-11-14 14:36:23.646] [info] Loaded model DAS3_clav_scap_orig from file das3.osim
[2024-11-14 14:36:23.646] [warning] Couldn't find file 'ground_ribs.vtp'.
[2024-11-14 14:36:23.646] [warning] Couldn't find file 'ground_spine.vtp'.
[2024-11-14 14:36:23.646] [warning] Couldn't find file 'ground_skull.vtp'.
[2024-11-14 14:36:23.646] [warning] Couldn't find file 'ground_jaw.vtp'.
[2024-11-14 14:36:23.646] [warning] Couldn't find file 'rclavicle.vtp'.
[2024-11-14 14:36:23.647] [warning] Couldn't find file 'rscapula.vtp'.
[2024-11-14 14:36:23.647] [warning] Couldn't find file 'rhumerus.vtp'.
[2024-11-14 14:36:23.647] [warning] Couldn't find file 'rulna.vtp'.
[2024-11-14 14:36:23.647] [warning] Couldn't find file 'rradius.vtp'.
[2024-11-14 14:36:23.647] [warning] Couldn't find file 'r_hand.vtp'.
[2024-11-14 14:44:31.314] [info] Loaded model DAS3_clav_scap_orig from file das3.osim
[2024-11-14 14:44:31.315] [warning] Couldn't find file 'ground_ribs.vtp'.
[2024-11-14 14:44:31.315] [warning] Couldn't find file 'ground_spine.vtp'.
[2024-11-14 14:44:31.315] [warning] Couldn't find file 'ground_skull.vtp'.
[2024-11-14 14:44:31.315] [warning] Couldn't find file 'ground_jaw.vtp'.
[2024-11-14 14:44:31.315] [warning] Couldn't find file 'rclavicle.vtp'.
[2024-11-14 14:44:31.315] [warning] Couldn't find file 'rscapula.vtp'.
[2024-11-14 14:44:31.315] [warning] Couldn't find file 'rhumerus.vtp'.
[2024-11-14 14:44:31.315] [warning] Couldn't find file 'rulna.vtp'.
[2024-11-14 14:44:31.315] [warning] Couldn't find file 'rradius.vtp'.
[2024-11-14 14:44:31.315] [warning] Couldn't find file 'r_hand.vtp'.
[2024-11-14 14:44:31.938] [info] Loaded model DAS3_clav_scap_orig from file das3.osim
[2024-11-14 14:44:31.939] [warning] Couldn't find file 'ground_ribs.vtp'.
[2024-11-14 14:44:31.939] [warning] Couldn't find file 'ground_spine.vtp'.
[2024-11-14 14:44:31.939] [warning] Couldn't find file 'ground_skull.vtp'.
[2024-11-14 14:44:31.939] [warning] Couldn't find file 'ground_jaw.vtp'.
[2024-11-14 14:44:31.939] [warning] Couldn't find file 'rclavicle.vtp'.
[2024-11-14 14:44:31.939] [warning] Couldn't find file 'rscapula.vtp'.
[2024-11-14 14:44:31.939] [warning] Couldn't find file 'rhumerus.vtp'.
[2024-11-14 14:44:31.939] [warning] Couldn't find file 'rulna.vtp'.
[2024-11-14 14:44:31.939] [warning] Couldn't find file 'rradius.vtp'.
[2024-11-14 14:44:31.939] [warning] Couldn't find file 'r_hand.vtp'.
[2024-11-14 14:46:51.155] [info] Loaded model DAS3_clav_scap_orig from file das3.osim
[2024-11-14 14:46:51.156] [warning] Couldn't find file 'ground_ribs.vtp'.
[2024-11-14 14:46:51.156] [warning] Couldn't find file 'ground_spine.vtp'.
[2024-11-14 14:46:51.156] [warning] Couldn't find file 'ground_skull.vtp'.
[2024-11-14 14:46:51.156] [warning] Couldn't find file 'ground_jaw.vtp'.
[2024-11-14 14:46:51.156] [warning] Couldn't find file 'rclavicle.vtp'.
[2024-11-14 14:46:51.156] [warning] Couldn't find file 'rscapula.vtp'.
[2024-11-14 14:46:51.156] [warning] Couldn't find file 'rhumerus.vtp'.
[2024-11-14 14:46:51.156] [warning] Couldn't find file 'rulna.vtp'.
[2024-11-14 14:46:51.156] [warning] Couldn't find file 'rradius.vtp'.
[2024-11-14 14:46:51.156] [warning] Couldn't find file 'r_hand.vtp'.
[2024-11-14 14:46:51.758] [info] Loaded model DAS3_clav_scap_orig from file das3.osim
[2024-11-14 14:46:51.759] [warning] Couldn't find file 'ground_ribs.vtp'.
[2024-11-14 14:46:51.759] [warning] Couldn't find file 'ground_spine.vtp'.
[2024-11-14 14:46:51.759] [warning] Couldn't find file 'ground_skull.vtp'.
[2024-11-14 14:46:51.759] [warning] Couldn't find file 'ground_jaw.vtp'.
[2024-11-14 14:46:51.759] [warning] Couldn't find file 'rclavicle.vtp'.
[2024-11-14 14:46:51.759] [warning] Couldn't find file 'rscapula.vtp'.
[2024-11-14 14:46:51.759] [warning] Couldn't find file 'rhumerus.vtp'.
[2024-11-14 14:46:51.759] [warning] Couldn't find file 'rulna.vtp'.
[2024-11-14 14:46:51.759] [warning] Couldn't find file 'rradius.vtp'.
[2024-11-14 14:46:51.759] [warning] Couldn't find file 'r_hand.vtp'.
[2024-11-14 16:36:41.707] [info] Loaded model DAS3_clav_scap_orig from file das3.osim
[2024-11-14 16:36:41.707] [warning] Couldn't find file 'ground_ribs.vtp'.
[2024-11-14 16:36:41.707] [warning] Couldn't find file 'ground_spine.vtp'.
[2024-11-14 16:36:41.708] [warning] Couldn't find file 'ground_skull.vtp'.
[2024-11-14 16:36:41.708] [warning] Couldn't find file 'ground_jaw.vtp'.
[2024-11-14 16:36:41.708] [warning] Couldn't find file 'rclavicle.vtp'.
[2024-11-14 16:36:41.708] [warning] Couldn't find file 'rscapula.vtp'.
[2024-11-14 16:36:41.708] [warning] Couldn't find file 'rhumerus.vtp'.
[2024-11-14 16:36:41.708] [warning] Couldn't find file 'rulna.vtp'.
[2024-11-14 16:36:41.708] [warning] Couldn't find file 'rradius.vtp'.
[2024-11-14 16:36:41.708] [warning] Couldn't find file 'r_hand.vtp'.
[2024-11-14 16:36:42.448] [info] Loaded model DAS3_clav_scap_orig from file das3.osim
[2024-11-14 16:36:42.448] [warning] Couldn't find file 'ground_ribs.vtp'.
[2024-11-14 16:36:42.448] [warning] Couldn't find file 'ground_spine.vtp'.
[2024-11-14 16:36:42.448] [warning] Couldn't find file 'ground_skull.vtp'.
[2024-11-14 16:36:42.449] [warning] Couldn't find file 'ground_jaw.vtp'.
[2024-11-14 16:36:42.449] [warning] Couldn't find file 'rclavicle.vtp'.
[2024-11-14 16:36:42.449] [warning] Couldn't find file 'rscapula.vtp'.
[2024-11-14 16:36:42.449] [warning] Couldn't find file 'rhumerus.vtp'.
[2024-11-14 16:36:42.449] [warning] Couldn't find file 'rulna.vtp'.
[2024-11-14 16:36:42.449] [warning] Couldn't find file 'rradius.vtp'.
[2024-11-14 16:36:42.449] [warning] Couldn't find file 'r_hand.vtp'.
[2024-11-14 16:37:27.404] [info] Loaded model DAS3_clav_scap_orig from file das3.osim
[2024-11-14 16:37:27.405] [warning] Couldn't find file 'ground_ribs.vtp'.
[2024-11-14 16:37:27.405] [warning] Couldn't find file 'ground_spine.vtp'.
[2024-11-14 16:37:27.405] [warning] Couldn't find file 'ground_skull.vtp'.
[2024-11-14 16:37:27.405] [warning] Couldn't find file 'ground_jaw.vtp'.
[2024-11-14 16:37:27.405] [warning] Couldn't find file 'rclavicle.vtp'.
[2024-11-14 16:37:27.405] [warning] Couldn't find file 'rscapula.vtp'.
[2024-11-14 16:37:27.405] [warning] Couldn't find file 'rhumerus.vtp'.
[2024-11-14 16:37:27.405] [warning] Couldn't find file 'rulna.vtp'.
[2024-11-14 16:37:27.405] [warning] Couldn't find file 'rradius.vtp'.
[2024-11-14 16:37:27.405] [warning] Couldn't find file 'r_hand.vtp'.
[2024-11-14 16:37:28.069] [info] Loaded model DAS3_clav_scap_orig from file das3.osim
[2024-11-14 16:37:28.070] [warning] Couldn't find file 'ground_ribs.vtp'.
[2024-11-14 16:37:28.070] [warning] Couldn't find file 'ground_spine.vtp'.
[2024-11-14 16:37:28.070] [warning] Couldn't find file 'ground_skull.vtp'.
[2024-11-14 16:37:28.070] [warning] Couldn't find file 'ground_jaw.vtp'.
[2024-11-14 16:37:28.070] [warning] Couldn't find file 'rclavicle.vtp'.
[2024-11-14 16:37:28.070] [warning] Couldn't find file 'rscapula.vtp'.
[2024-11-14 16:37:28.070] [warning] Couldn't find file 'rhumerus.vtp'.
[2024-11-14 16:37:28.070] [warning] Couldn't find file 'rulna.vtp'.
[2024-11-14 16:37:28.070] [warning] Couldn't find file 'rradius.vtp'.
[2024-11-14 16:37:28.070] [warning] Couldn't find file 'r_hand.vtp'.
[2024-11-14 17:04:10.443] [info] Loaded model DAS3_clav_scap_orig from file das3.osim
[2024-11-14 17:04:10.443] [warning] Couldn't find file 'ground_ribs.vtp'.
[2024-11-14 17:04:10.444] [warning] Couldn't find file 'ground_spine.vtp'.
[2024-11-14 17:04:10.444] [warning] Couldn't find file 'ground_skull.vtp'.
[2024-11-14 17:04:10.444] [warning] Couldn't find file 'ground_jaw.vtp'.
[2024-11-14 17:04:10.444] [warning] Couldn't find file 'rclavicle.vtp'.
[2024-11-14 17:04:10.444] [warning] Couldn't find file 'rscapula.vtp'.
[2024-11-14 17:04:10.444] [warning] Couldn't find file 'rhumerus.vtp'.
[2024-11-14 17:04:10.444] [warning] Couldn't find file 'rulna.vtp'.
[2024-11-14 17:04:10.444] [warning] Couldn't find file 'rradius.vtp'.
[2024-11-14 17:04:10.444] [warning] Couldn't find file 'r_hand.vtp'.
[2024-11-14 17:04:11.086] [info] Loaded model DAS3_clav_scap_orig from file das3.osim
[2024-11-14 17:04:11.087] [warning] Couldn't find file 'ground_ribs.vtp'.
[2024-11-14 17:04:11.087] [warning] Couldn't find file 'ground_spine.vtp'.
[2024-11-14 17:04:11.087] [warning] Couldn't find file 'ground_skull.vtp'.
[2024-11-14 17:04:11.087] [warning] Couldn't find file 'ground_jaw.vtp'.
[2024-11-14 17:04:11.087] [warning] Couldn't find file 'rclavicle.vtp'.
[2024-11-14 17:04:11.087] [warning] Couldn't find file 'rscapula.vtp'.
[2024-11-14 17:04:11.087] [warning] Couldn't find file 'rhumerus.vtp'.
[2024-11-14 17:04:11.087] [warning] Couldn't find file 'rulna.vtp'.
[2024-11-14 17:04:11.087] [warning] Couldn't find file 'rradius.vtp'.
[2024-11-14 17:04:11.087] [warning] Couldn't find file 'r_hand.vtp'.
[2024-11-14 17:04:27.329] [info] Loaded model DAS3_clav_scap_orig from file das3.osim
[2024-11-14 17:04:27.330] [warning] Couldn't find file 'ground_ribs.vtp'.
[2024-11-14 17:04:27.330] [warning] Couldn't find file 'ground_spine.vtp'.
[2024-11-14 17:04:27.330] [warning] Couldn't find file 'ground_skull.vtp'.
[2024-11-14 17:04:27.330] [warning] Couldn't find file 'ground_jaw.vtp'.
[2024-11-14 17:04:27.330] [warning] Couldn't find file 'rclavicle.vtp'.
[2024-11-14 17:04:27.330] [warning] Couldn't find file 'rscapula.vtp'.
[2024-11-14 17:04:27.330] [warning] Couldn't find file 'rhumerus.vtp'.
[2024-11-14 17:04:27.330] [warning] Couldn't find file 'rulna.vtp'.
[2024-11-14 17:04:27.330] [warning] Couldn't find file 'rradius.vtp'.
[2024-11-14 17:04:27.330] [warning] Couldn't find file 'r_hand.vtp'.
[2024-11-14 17:04:27.958] [info] Loaded model DAS3_clav_scap_orig from file das3.osim
[2024-11-14 17:04:27.959] [warning] Couldn't find file 'ground_ribs.vtp'.
[2024-11-14 17:04:27.959] [warning] Couldn't find file 'ground_spine.vtp'.
[2024-11-14 17:04:27.959] [warning] Couldn't find file 'ground_skull.vtp'.
[2024-11-14 17:04:27.959] [warning] Couldn't find file 'ground_jaw.vtp'.
[2024-11-14 17:04:27.959] [warning] Couldn't find file 'rclavicle.vtp'.
[2024-11-14 17:04:27.959] [warning] Couldn't find file 'rscapula.vtp'.
[2024-11-14 17:04:27.959] [warning] Couldn't find file 'rhumerus.vtp'.
[2024-11-14 17:04:27.959] [warning] Couldn't find file 'rulna.vtp'.
[2024-11-14 17:04:27.959] [warning] Couldn't find file 'rradius.vtp'.
[2024-11-14 17:04:27.959] [warning] Couldn't find file 'r_hand.vtp'.
[2024-11-14 17:07:47.923] [info] Loaded model DAS3_clav_scap_orig from file das3.osim
[2024-11-14 17:07:47.923] [warning] Couldn't find file 'ground_ribs.vtp'.
[2024-11-14 17:07:47.924] [warning] Couldn't find file 'ground_spine.vtp'.
[2024-11-14 17:07:47.924] [warning] Couldn't find file 'ground_skull.vtp'.
[2024-11-14 17:07:47.924] [warning] Couldn't find file 'ground_jaw.vtp'.
[2024-11-14 17:07:47.924] [warning] Couldn't find file 'rclavicle.vtp'.
[2024-11-14 17:07:47.924] [warning] Couldn't find file 'rscapula.vtp'.
[2024-11-14 17:07:47.924] [warning] Couldn't find file 'rhumerus.vtp'.
[2024-11-14 17:07:47.924] [warning] Couldn't find file 'rulna.vtp'.
[2024-11-14 17:07:47.924] [warning] Couldn't find file 'rradius.vtp'.
[2024-11-14 17:07:47.924] [warning] Couldn't find file 'r_hand.vtp'.
[2024-11-14 17:07:48.547] [info] Loaded model DAS3_clav_scap_orig from file das3.osim
[2024-11-14 17:07:48.547] [warning] Couldn't find file 'ground_ribs.vtp'.
[2024-11-14 17:07:48.548] [warning] Couldn't find file 'ground_spine.vtp'.
[2024-11-14 17:07:48.548] [warning] Couldn't find file 'ground_skull.vtp'.
[2024-11-14 17:07:48.548] [warning] Couldn't find file 'ground_jaw.vtp'.
[2024-11-14 17:07:48.548] [warning] Couldn't find file 'rclavicle.vtp'.
[2024-11-14 17:07:48.548] [warning] Couldn't find file 'rscapula.vtp'.
[2024-11-14 17:07:48.548] [warning] Couldn't find file 'rhumerus.vtp'.
[2024-11-14 17:07:48.548] [warning] Couldn't find file 'rulna.vtp'.
[2024-11-14 17:07:48.548] [warning] Couldn't find file 'rradius.vtp'.
[2024-11-14 17:07:48.548] [warning] Couldn't find file 'r_hand.vtp'.
[2024-11-14 17:09:53.996] [info] Loaded model DAS3_clav_scap_orig from file das3.osim
[2024-11-14 17:09:53.996] [warning] Couldn't find file 'ground_ribs.vtp'.
[2024-11-14 17:09:53.996] [warning] Couldn't find file 'ground_spine.vtp'.
[2024-11-14 17:09:53.996] [warning] Couldn't find file 'ground_skull.vtp'.
[2024-11-14 17:09:53.996] [warning] Couldn't find file 'ground_jaw.vtp'.
[2024-11-14 17:09:53.996] [warning] Couldn't find file 'rclavicle.vtp'.
[2024-11-14 17:09:53.996] [warning] Couldn't find file 'rscapula.vtp'.
[2024-11-14 17:09:53.996] [warning] Couldn't find file 'rhumerus.vtp'.
[2024-11-14 17:09:53.997] [warning] Couldn't find file 'rulna.vtp'.
[2024-11-14 17:09:53.997] [warning] Couldn't find file 'rradius.vtp'.
[2024-11-14 17:09:53.997] [warning] Couldn't find file 'r_hand.vtp'.
[2024-11-14 17:09:54.608] [info] Loaded model DAS3_clav_scap_orig from file das3.osim
[2024-11-14 17:09:54.608] [warning] Couldn't find file 'ground_ribs.vtp'.
[2024-11-14 17:09:54.608] [warning] Couldn't find file 'ground_spine.vtp'.
[2024-11-14 17:09:54.608] [warning] Couldn't find file 'ground_skull.vtp'.
[2024-11-14 17:09:54.608] [warning] Couldn't find file 'ground_jaw.vtp'.
[2024-11-14 17:09:54.608] [warning] Couldn't find file 'rclavicle.vtp'.
[2024-11-14 17:09:54.608] [warning] Couldn't find file 'rscapula.vtp'.
[2024-11-14 17:09:54.608] [warning] Couldn't find file 'rhumerus.vtp'.
[2024-11-14 17:09:54.608] [warning] Couldn't find file 'rulna.vtp'.
[2024-11-14 17:09:54.608] [warning] Couldn't find file 'rradius.vtp'.
[2024-11-14 17:09:54.608] [warning] Couldn't find file 'r_hand.vtp'.
[2024-11-14 17:10:35.425] [info] Loaded model DAS3_clav_scap_orig from file das3.osim
[2024-11-14 17:10:35.426] [warning] Couldn't find file 'ground_ribs.vtp'.
[2024-11-14 17:10:35.426] [warning] Couldn't find file 'ground_spine.vtp'.
[2024-11-14 17:10:35.426] [warning] Couldn't find file 'ground_skull.vtp'.
[2024-11-14 17:10:35.426] [warning] Couldn't find file 'ground_jaw.vtp'.
[2024-11-14 17:10:35.426] [warning] Couldn't find file 'rclavicle.vtp'.
[2024-11-14 17:10:35.426] [warning] Couldn't find file 'rscapula.vtp'.
[2024-11-14 17:10:35.426] [warning] Couldn't find file 'rhumerus.vtp'.
[2024-11-14 17:10:35.426] [warning] Couldn't find file 'rulna.vtp'.
[2024-11-14 17:10:35.426] [warning] Couldn't find file 'rradius.vtp'.
[2024-11-14 17:10:35.426] [warning] Couldn't find file 'r_hand.vtp'.
[2024-11-14 17:10:36.085] [info] Loaded model DAS3_clav_scap_orig from file das3.osim
[2024-11-14 17:10:36.086] [warning] Couldn't find file 'ground_ribs.vtp'.
[2024-11-14 17:10:36.086] [warning] Couldn't find file 'ground_spine.vtp'.
[2024-11-14 17:10:36.086] [warning] Couldn't find file 'ground_skull.vtp'.
[2024-11-14 17:10:36.086] [warning] Couldn't find file 'ground_jaw.vtp'.
[2024-11-14 17:10:36.086] [warning] Couldn't find file 'rclavicle.vtp'.
[2024-11-14 17:10:36.086] [warning] Couldn't find file 'rscapula.vtp'.
[2024-11-14 17:10:36.086] [warning] Couldn't find file 'rhumerus.vtp'.
[2024-11-14 17:10:36.086] [warning] Couldn't find file 'rulna.vtp'.
[2024-11-14 17:10:36.087] [warning] Couldn't find file 'rradius.vtp'.
[2024-11-14 17:10:36.087] [warning] Couldn't find file 'r_hand.vtp'.
[2024-11-14 17:11:50.577] [info] Loaded model DAS3_clav_scap_orig from file das3.osim
[2024-11-14 17:11:50.578] [warning] Couldn't find file 'ground_ribs.vtp'.
[2024-11-14 17:11:50.578] [warning] Couldn't find file 'ground_spine.vtp'.
[2024-11-14 17:11:50.578] [warning] Couldn't find file 'ground_skull.vtp'.
[2024-11-14 17:11:50.578] [warning] Couldn't find file 'ground_jaw.vtp'.
[2024-11-14 17:11:50.578] [warning] Couldn't find file 'rclavicle.vtp'.
[2024-11-14 17:11:50.578] [warning] Couldn't find file 'rscapula.vtp'.
[2024-11-14 17:11:50.578] [warning] Couldn't find file 'rhumerus.vtp'.
[2024-11-14 17:11:50.578] [warning] Couldn't find file 'rulna.vtp'.
[2024-11-14 17:11:50.578] [warning] Couldn't find file 'rradius.vtp'.
[2024-11-14 17:11:50.578] [warning] Couldn't find file 'r_hand.vtp'.
[2024-11-14 17:11:51.202] [info] Loaded model DAS3_clav_scap_orig from file das3.osim
[2024-11-14 17:11:51.203] [warning] Couldn't find file 'ground_ribs.vtp'.
[2024-11-14 17:11:51.203] [warning] Couldn't find file 'ground_spine.vtp'.
[2024-11-14 17:11:51.203] [warning] Couldn't find file 'ground_skull.vtp'.
[2024-11-14 17:11:51.203] [warning] Couldn't find file 'ground_jaw.vtp'.
[2024-11-14 17:11:51.203] [warning] Couldn't find file 'rclavicle.vtp'.
[2024-11-14 17:11:51.203] [warning] Couldn't find file 'rscapula.vtp'.
[2024-11-14 17:11:51.203] [warning] Couldn't find file 'rhumerus.vtp'.
[2024-11-14 17:11:51.203] [warning] Couldn't find file 'rulna.vtp'.
[2024-11-14 17:11:51.203] [warning] Couldn't find file 'rradius.vtp'.
[2024-11-14 17:11:51.203] [warning] Couldn't find file 'r_hand.vtp'.
[2024-11-14 17:12:00.231] [info] Loaded model DAS3_clav_scap_orig from file das3.osim
[2024-11-14 17:12:00.231] [warning] Couldn't find file 'ground_ribs.vtp'.
[2024-11-14 17:12:00.231] [warning] Couldn't find file 'ground_spine.vtp'.
[2024-11-14 17:12:00.232] [warning] Couldn't find file 'ground_skull.vtp'.
[2024-11-14 17:12:00.232] [warning] Couldn't find file 'ground_jaw.vtp'.
[2024-11-14 17:12:00.232] [warning] Couldn't find file 'rclavicle.vtp'.
[2024-11-14 17:12:00.232] [warning] Couldn't find file 'rscapula.vtp'.
[2024-11-14 17:12:00.232] [warning] Couldn't find file 'rhumerus.vtp'.
[2024-11-14 17:12:00.232] [warning] Couldn't find file 'rulna.vtp'.
[2024-11-14 17:12:00.232] [warning] Couldn't find file 'rradius.vtp'.
[2024-11-14 17:12:00.232] [warning] Couldn't find file 'r_hand.vtp'.
[2024-11-14 17:12:00.838] [info] Loaded model DAS3_clav_scap_orig from file das3.osim
[2024-11-14 17:12:00.839] [warning] Couldn't find file 'ground_ribs.vtp'.
[2024-11-14 17:12:00.839] [warning] Couldn't find file 'ground_spine.vtp'.
[2024-11-14 17:12:00.839] [warning] Couldn't find file 'ground_skull.vtp'.
[2024-11-14 17:12:00.839] [warning] Couldn't find file 'ground_jaw.vtp'.
[2024-11-14 17:12:00.839] [warning] Couldn't find file 'rclavicle.vtp'.
[2024-11-14 17:12:00.839] [warning] Couldn't find file 'rscapula.vtp'.
[2024-11-14 17:12:00.839] [warning] Couldn't find file 'rhumerus.vtp'.
[2024-11-14 17:12:00.839] [warning] Couldn't find file 'rulna.vtp'.
[2024-11-14 17:12:00.839] [warning] Couldn't find file 'rradius.vtp'.
[2024-11-14 17:12:00.839] [warning] Couldn't find file 'r_hand.vtp'.
[2024-11-15 09:50:14.509] [info] Loaded model DAS3_clav_scap_orig from file das3.osim
[2024-11-15 09:50:14.510] [warning] Couldn't find file 'ground_ribs.vtp'.
[2024-11-15 09:50:14.510] [warning] Couldn't find file 'ground_spine.vtp'.
[2024-11-15 09:50:14.510] [warning] Couldn't find file 'ground_skull.vtp'.
[2024-11-15 09:50:14.510] [warning] Couldn't find file 'ground_jaw.vtp'.
[2024-11-15 09:50:14.511] [warning] Couldn't find file 'rclavicle.vtp'.
[2024-11-15 09:50:14.511] [warning] Couldn't find file 'rscapula.vtp'.
[2024-11-15 09:50:14.511] [warning] Couldn't find file 'rhumerus.vtp'.
[2024-11-15 09:50:14.511] [warning] Couldn't find file 'rulna.vtp'.
[2024-11-15 09:50:14.511] [warning] Couldn't find file 'rradius.vtp'.
[2024-11-15 09:50:14.511] [warning] Couldn't find file 'r_hand.vtp'.
[2024-11-15 09:50:16.102] [info] Loaded model DAS3_clav_scap_orig from file das3.osim
[2024-11-15 09:50:16.102] [warning] Couldn't find file 'ground_ribs.vtp'.
[2024-11-15 09:50:16.102] [warning] Couldn't find file 'ground_spine.vtp'.
[2024-11-15 09:50:16.102] [warning] Couldn't find file 'ground_skull.vtp'.
[2024-11-15 09:50:16.102] [warning] Couldn't find file 'ground_jaw.vtp'.
[2024-11-15 09:50:16.102] [warning] Couldn't find file 'rclavicle.vtp'.
[2024-11-15 09:50:16.103] [warning] Couldn't find file 'rscapula.vtp'.
[2024-11-15 09:50:16.103] [warning] Couldn't find file 'rhumerus.vtp'.
[2024-11-15 09:50:16.103] [warning] Couldn't find file 'rulna.vtp'.
[2024-11-15 09:50:16.103] [warning] Couldn't find file 'rradius.vtp'.
[2024-11-15 09:50:16.103] [warning] Couldn't find file 'r_hand.vtp'.
[2024-11-15 10:15:26.651] [info] Loaded model DAS3_clav_scap_orig from file das3.osim
[2024-11-15 10:15:26.652] [warning] Couldn't find file 'ground_ribs.vtp'.
[2024-11-15 10:15:26.652] [warning] Couldn't find file 'ground_spine.vtp'.
[2024-11-15 10:15:26.652] [warning] Couldn't find file 'ground_skull.vtp'.
[2024-11-15 10:15:26.652] [warning] Couldn't find file 'ground_jaw.vtp'.
[2024-11-15 10:15:26.652] [warning] Couldn't find file 'rclavicle.vtp'.
[2024-11-15 10:15:26.652] [warning] Couldn't find file 'rscapula.vtp'.
[2024-11-15 10:15:26.652] [warning] Couldn't find file 'rhumerus.vtp'.
[2024-11-15 10:15:26.652] [warning] Couldn't find file 'rulna.vtp'.
[2024-11-15 10:15:26.652] [warning] Couldn't find file 'rradius.vtp'.
[2024-11-15 10:15:26.652] [warning] Couldn't find file 'r_hand.vtp'.
[2024-11-15 10:15:27.396] [info] Loaded model DAS3_clav_scap_orig from file das3.osim
[2024-11-15 10:15:27.396] [warning] Couldn't find file 'ground_ribs.vtp'.
[2024-11-15 10:15:27.396] [warning] Couldn't find file 'ground_spine.vtp'.
[2024-11-15 10:15:27.396] [warning] Couldn't find file 'ground_skull.vtp'.
[2024-11-15 10:15:27.396] [warning] Couldn't find file 'ground_jaw.vtp'.
[2024-11-15 10:15:27.396] [warning] Couldn't find file 'rclavicle.vtp'.
[2024-11-15 10:15:27.396] [warning] Couldn't find file 'rscapula.vtp'.
[2024-11-15 10:15:27.396] [warning] Couldn't find file 'rhumerus.vtp'.
[2024-11-15 10:15:27.396] [warning] Couldn't find file 'rulna.vtp'.
[2024-11-15 10:15:27.396] [warning] Couldn't find file 'rradius.vtp'.
[2024-11-15 10:15:27.396] [warning] Couldn't find file 'r_hand.vtp'.
[2024-11-15 10:21:59.151] [info] Loaded model DAS3_clav_scap_orig from file das3.osim
[2024-11-15 10:21:59.151] [warning] Couldn't find file 'ground_ribs.vtp'.
[2024-11-15 10:21:59.151] [warning] Couldn't find file 'ground_spine.vtp'.
[2024-11-15 10:21:59.151] [warning] Couldn't find file 'ground_skull.vtp'.
[2024-11-15 10:21:59.151] [warning] Couldn't find file 'ground_jaw.vtp'.
[2024-11-15 10:21:59.151] [warning] Couldn't find file 'rclavicle.vtp'.
[2024-11-15 10:21:59.151] [warning] Couldn't find file 'rscapula.vtp'.
[2024-11-15 10:21:59.151] [warning] Couldn't find file 'rhumerus.vtp'.
[2024-11-15 10:21:59.151] [warning] Couldn't find file 'rulna.vtp'.
[2024-11-15 10:21:59.151] [warning] Couldn't find file 'rradius.vtp'.
[2024-11-15 10:21:59.152] [warning] Couldn't find file 'r_hand.vtp'.
[2024-11-15 10:21:59.818] [info] Loaded model DAS3_clav_scap_orig from file das3.osim
[2024-11-15 10:21:59.818] [warning] Couldn't find file 'ground_ribs.vtp'.
[2024-11-15 10:21:59.818] [warning] Couldn't find file 'ground_spine.vtp'.
[2024-11-15 10:21:59.818] [warning] Couldn't find file 'ground_skull.vtp'.
[2024-11-15 10:21:59.818] [warning] Couldn't find file 'ground_jaw.vtp'.
[2024-11-15 10:21:59.818] [warning] Couldn't find file 'rclavicle.vtp'.
[2024-11-15 10:21:59.818] [warning] Couldn't find file 'rscapula.vtp'.
[2024-11-15 10:21:59.818] [warning] Couldn't find file 'rhumerus.vtp'.
[2024-11-15 10:21:59.819] [warning] Couldn't find file 'rulna.vtp'.
[2024-11-15 10:21:59.819] [warning] Couldn't find file 'rradius.vtp'.
[2024-11-15 10:21:59.819] [warning] Couldn't find file 'r_hand.vtp'.
[2024-11-15 10:47:09.006] [info] Loaded model DAS3_clav_scap_orig from file das3.osim
[2024-11-15 10:47:09.006] [warning] Couldn't find file 'ground_ribs.vtp'.
[2024-11-15 10:47:09.006] [warning] Couldn't find file 'ground_spine.vtp'.
[2024-11-15 10:47:09.007] [warning] Couldn't find file 'ground_skull.vtp'.
[2024-11-15 10:47:09.007] [warning] Couldn't find file 'ground_jaw.vtp'.
[2024-11-15 10:47:09.007] [warning] Couldn't find file 'rclavicle.vtp'.
[2024-11-15 10:47:09.007] [warning] Couldn't find file 'rscapula.vtp'.
[2024-11-15 10:47:09.007] [warning] Couldn't find file 'rhumerus.vtp'.
[2024-11-15 10:47:09.007] [warning] Couldn't find file 'rulna.vtp'.
[2024-11-15 10:47:09.007] [warning] Couldn't find file 'rradius.vtp'.
[2024-11-15 10:47:09.007] [warning] Couldn't find file 'r_hand.vtp'.
[2024-11-15 10:49:39.406] [info] Loaded model DAS3_clav_scap_orig from file das3.osim
[2024-11-15 10:49:39.407] [warning] Couldn't find file 'ground_ribs.vtp'.
[2024-11-15 10:49:39.407] [warning] Couldn't find file 'ground_spine.vtp'.
[2024-11-15 10:49:39.407] [warning] Couldn't find file 'ground_skull.vtp'.
[2024-11-15 10:49:39.407] [warning] Couldn't find file 'ground_jaw.vtp'.
[2024-11-15 10:49:39.407] [warning] Couldn't find file 'rclavicle.vtp'.
[2024-11-15 10:49:39.407] [warning] Couldn't find file 'rscapula.vtp'.
[2024-11-15 10:49:39.407] [warning] Couldn't find file 'rhumerus.vtp'.
[2024-11-15 10:49:39.407] [warning] Couldn't find file 'rulna.vtp'.
[2024-11-15 10:49:39.407] [warning] Couldn't find file 'rradius.vtp'.
[2024-11-15 10:49:39.407] [warning] Couldn't find file 'r_hand.vtp'.
[2024-11-15 10:51:17.503] [info] Loaded model DAS3_clav_scap_orig from file das3.osim
[2024-11-15 10:51:17.504] [warning] Couldn't find file 'ground_ribs.vtp'.
[2024-11-15 10:51:17.504] [warning] Couldn't find file 'ground_spine.vtp'.
[2024-11-15 10:51:17.504] [warning] Couldn't find file 'ground_skull.vtp'.
[2024-11-15 10:51:17.504] [warning] Couldn't find file 'ground_jaw.vtp'.
[2024-11-15 10:51:17.504] [warning] Couldn't find file 'rclavicle.vtp'.
[2024-11-15 10:51:17.504] [warning] Couldn't find file 'rscapula.vtp'.
[2024-11-15 10:51:17.504] [warning] Couldn't find file 'rhumerus.vtp'.
[2024-11-15 10:51:17.504] [warning] Couldn't find file 'rulna.vtp'.
[2024-11-15 10:51:17.504] [warning] Couldn't find file 'rradius.vtp'.
[2024-11-15 10:51:17.504] [warning] Couldn't find file 'r_hand.vtp'.
[2024-11-15 10:59:45.204] [info] Loaded model DAS3_clav_scap_orig from file das3.osim
[2024-11-15 10:59:45.204] [warning] Couldn't find file 'ground_ribs.vtp'.
[2024-11-15 10:59:45.204] [warning] Couldn't find file 'ground_spine.vtp'.
[2024-11-15 10:59:45.204] [warning] Couldn't find file 'ground_skull.vtp'.
[2024-11-15 10:59:45.204] [warning] Couldn't find file 'ground_jaw.vtp'.
[2024-11-15 10:59:45.204] [warning] Couldn't find file 'rclavicle.vtp'.
[2024-11-15 10:59:45.204] [warning] Couldn't find file 'rscapula.vtp'.
[2024-11-15 10:59:45.204] [warning] Couldn't find file 'rhumerus.vtp'.
[2024-11-15 10:59:45.204] [warning] Couldn't find file 'rulna.vtp'.
[2024-11-15 10:59:45.204] [warning] Couldn't find file 'rradius.vtp'.
[2024-11-15 10:59:45.205] [warning] Couldn't find file 'r_hand.vtp'.
