[2024-11-18 09:58:36.358] [info] Loaded model DAS3_clav_scap_orig from file das3.osim
[2024-11-18 09:58:36.359] [warning] Couldn't find file 'ground_ribs.vtp'.
[2024-11-18 09:58:36.360] [warning] Couldn't find file 'ground_spine.vtp'.
[2024-11-18 09:58:36.361] [warning] Couldn't find file 'ground_skull.vtp'.
[2024-11-18 09:58:36.361] [warning] Couldn't find file 'ground_jaw.vtp'.
[2024-11-18 09:58:36.362] [warning] Couldn't find file 'rclavicle.vtp'.
[2024-11-18 09:58:36.362] [warning] Couldn't find file 'rscapula.vtp'.
[2024-11-18 09:58:36.363] [warning] Couldn't find file 'rhumerus.vtp'.
[2024-11-18 09:58:36.364] [warning] Couldn't find file 'rulna.vtp'.
[2024-11-18 09:58:36.364] [warning] Couldn't find file 'rradius.vtp'.
[2024-11-18 09:58:36.365] [warning] Couldn't find file 'r_hand.vtp'.
[2024-11-18 09:58:38.070] [info] Loaded model DAS3_clav_scap_orig from file das3.osim
[2024-11-18 09:58:38.071] [warning] Couldn't find file 'ground_ribs.vtp'.
[2024-11-18 09:58:38.072] [warning] Couldn't find file 'ground_spine.vtp'.
[2024-11-18 09:58:38.072] [warning] Couldn't find file 'ground_skull.vtp'.
[2024-11-18 09:58:38.073] [warning] Couldn't find file 'ground_jaw.vtp'.
[2024-11-18 09:58:38.073] [warning] Couldn't find file 'rclavicle.vtp'.
[2024-11-18 09:58:38.074] [warning] Couldn't find file 'rscapula.vtp'.
[2024-11-18 09:58:38.075] [warning] Couldn't find file 'rhumerus.vtp'.
[2024-11-18 09:58:38.075] [warning] Couldn't find file 'rulna.vtp'.
[2024-11-18 09:58:38.076] [warning] Couldn't find file 'rradius.vtp'.
[2024-11-18 09:58:38.076] [warning] Couldn't find file 'r_hand.vtp'.
[2024-11-18 10:05:46.936] [info] Loaded model DAS3_clav_scap_orig from file das3.osim
[2024-11-18 10:05:46.938] [warning] Couldn't find file 'ground_ribs.vtp'.
[2024-11-18 10:05:46.939] [warning] Couldn't find file 'ground_spine.vtp'.
[2024-11-18 10:05:46.939] [warning] Couldn't find file 'ground_skull.vtp'.
[2024-11-18 10:05:46.940] [warning] Couldn't find file 'ground_jaw.vtp'.
[2024-11-18 10:05:46.941] [warning] Couldn't find file 'rclavicle.vtp'.
[2024-11-18 10:05:46.942] [warning] Couldn't find file 'rscapula.vtp'.
[2024-11-18 10:05:46.942] [warning] Couldn't find file 'rhumerus.vtp'.
[2024-11-18 10:05:46.943] [warning] Couldn't find file 'rulna.vtp'.
[2024-11-18 10:05:46.944] [warning] Couldn't find file 'rradius.vtp'.
[2024-11-18 10:05:46.944] [warning] Couldn't find file 'r_hand.vtp'.
[2024-11-18 10:05:47.778] [info] Loaded model DAS3_clav_scap_orig from file das3.osim
[2024-11-18 10:05:47.779] [warning] Couldn't find file 'ground_ribs.vtp'.
[2024-11-18 10:05:47.780] [warning] Couldn't find file 'ground_spine.vtp'.
[2024-11-18 10:05:47.780] [warning] Couldn't find file 'ground_skull.vtp'.
[2024-11-18 10:05:47.781] [warning] Couldn't find file 'ground_jaw.vtp'.
[2024-11-18 10:05:47.782] [warning] Couldn't find file 'rclavicle.vtp'.
[2024-11-18 10:05:47.782] [warning] Couldn't find file 'rscapula.vtp'.
[2024-11-18 10:05:47.783] [warning] Couldn't find file 'rhumerus.vtp'.
[2024-11-18 10:05:47.784] [warning] Couldn't find file 'rulna.vtp'.
[2024-11-18 10:05:47.785] [warning] Couldn't find file 'rradius.vtp'.
[2024-11-18 10:05:47.785] [warning] Couldn't find file 'r_hand.vtp'.
[2024-11-18 10:10:36.378] [info] Loaded model DAS3_clav_scap_orig from file das3.osim
[2024-11-18 10:10:36.379] [warning] Couldn't find file 'ground_ribs.vtp'.
[2024-11-18 10:10:36.380] [warning] Couldn't find file 'ground_spine.vtp'.
[2024-11-18 10:10:36.381] [warning] Couldn't find file 'ground_skull.vtp'.
[2024-11-18 10:10:36.381] [warning] Couldn't find file 'ground_jaw.vtp'.
[2024-11-18 10:10:36.382] [warning] Couldn't find file 'rclavicle.vtp'.
[2024-11-18 10:10:36.383] [warning] Couldn't find file 'rscapula.vtp'.
[2024-11-18 10:10:36.384] [warning] Couldn't find file 'rhumerus.vtp'.
[2024-11-18 10:10:36.384] [warning] Couldn't find file 'rulna.vtp'.
[2024-11-18 10:10:36.385] [warning] Couldn't find file 'rradius.vtp'.
[2024-11-18 10:10:36.386] [warning] Couldn't find file 'r_hand.vtp'.
[2024-11-18 10:11:24.461] [info] Loaded model DAS3_clav_scap_orig from file das3.osim
[2024-11-18 10:11:24.462] [warning] Couldn't find file 'ground_ribs.vtp'.
[2024-11-18 10:11:24.463] [warning] Couldn't find file 'ground_spine.vtp'.
[2024-11-18 10:11:24.464] [warning] Couldn't find file 'ground_skull.vtp'.
[2024-11-18 10:11:24.464] [warning] Couldn't find file 'ground_jaw.vtp'.
[2024-11-18 10:11:24.465] [warning] Couldn't find file 'rclavicle.vtp'.
[2024-11-18 10:11:24.466] [warning] Couldn't find file 'rscapula.vtp'.
[2024-11-18 10:11:24.466] [warning] Couldn't find file 'rhumerus.vtp'.
[2024-11-18 10:11:24.467] [warning] Couldn't find file 'rulna.vtp'.
[2024-11-18 10:11:24.468] [warning] Couldn't find file 'rradius.vtp'.
[2024-11-18 10:11:24.469] [warning] Couldn't find file 'r_hand.vtp'.
[2024-11-18 10:25:31.002] [info] Loaded model DAS3_clav_scap_orig from file das3.osim
[2024-11-18 10:25:31.004] [warning] Couldn't find file 'ground_ribs.vtp'.
[2024-11-18 10:25:31.004] [warning] Couldn't find file 'ground_spine.vtp'.
[2024-11-18 10:25:31.005] [warning] Couldn't find file 'ground_skull.vtp'.
[2024-11-18 10:25:31.006] [warning] Couldn't find file 'ground_jaw.vtp'.
[2024-11-18 10:25:31.007] [warning] Couldn't find file 'rclavicle.vtp'.
[2024-11-18 10:25:31.007] [warning] Couldn't find file 'rscapula.vtp'.
[2024-11-18 10:25:31.008] [warning] Couldn't find file 'rhumerus.vtp'.
[2024-11-18 10:25:31.009] [warning] Couldn't find file 'rulna.vtp'.
[2024-11-18 10:25:31.009] [warning] Couldn't find file 'rradius.vtp'.
[2024-11-18 10:25:31.010] [warning] Couldn't find file 'r_hand.vtp'.
[2024-11-18 10:25:31.778] [info] Loaded model DAS3_clav_scap_orig from file das3.osim
[2024-11-18 10:25:31.779] [warning] Couldn't find file 'ground_ribs.vtp'.
[2024-11-18 10:25:31.780] [warning] Couldn't find file 'ground_spine.vtp'.
[2024-11-18 10:25:31.781] [warning] Couldn't find file 'ground_skull.vtp'.
[2024-11-18 10:25:31.782] [warning] Couldn't find file 'ground_jaw.vtp'.
[2024-11-18 10:25:31.782] [warning] Couldn't find file 'rclavicle.vtp'.
[2024-11-18 10:25:31.783] [warning] Couldn't find file 'rscapula.vtp'.
[2024-11-18 10:25:31.784] [warning] Couldn't find file 'rhumerus.vtp'.
[2024-11-18 10:25:31.785] [warning] Couldn't find file 'rulna.vtp'.
[2024-11-18 10:25:31.785] [warning] Couldn't find file 'rradius.vtp'.
[2024-11-18 10:25:31.786] [warning] Couldn't find file 'r_hand.vtp'.
[2024-11-18 10:31:37.590] [info] Loaded model DAS3_clav_scap_orig from file das3.osim
[2024-11-18 10:31:37.591] [warning] Couldn't find file 'ground_ribs.vtp'.
[2024-11-18 10:31:37.592] [warning] Couldn't find file 'ground_spine.vtp'.
[2024-11-18 10:31:37.593] [warning] Couldn't find file 'ground_skull.vtp'.
[2024-11-18 10:31:37.594] [warning] Couldn't find file 'ground_jaw.vtp'.
[2024-11-18 10:31:37.594] [warning] Couldn't find file 'rclavicle.vtp'.
[2024-11-18 10:31:37.595] [warning] Couldn't find file 'rscapula.vtp'.
[2024-11-18 10:31:37.596] [warning] Couldn't find file 'rhumerus.vtp'.
[2024-11-18 10:31:37.597] [warning] Couldn't find file 'rulna.vtp'.
[2024-11-18 10:31:37.598] [warning] Couldn't find file 'rradius.vtp'.
[2024-11-18 10:31:37.599] [warning] Couldn't find file 'r_hand.vtp'.
[2024-11-18 10:37:31.086] [info] Loaded model DAS3_clav_scap_orig from file das3.osim
[2024-11-18 10:37:31.088] [warning] Couldn't find file 'ground_ribs.vtp'.
[2024-11-18 10:37:31.089] [warning] Couldn't find file 'ground_spine.vtp'.
[2024-11-18 10:37:31.090] [warning] Couldn't find file 'ground_skull.vtp'.
[2024-11-18 10:37:31.090] [warning] Couldn't find file 'ground_jaw.vtp'.
[2024-11-18 10:37:31.091] [warning] Couldn't find file 'rclavicle.vtp'.
[2024-11-18 10:37:31.092] [warning] Couldn't find file 'rscapula.vtp'.
[2024-11-18 10:37:31.092] [warning] Couldn't find file 'rhumerus.vtp'.
[2024-11-18 10:37:31.093] [warning] Couldn't find file 'rulna.vtp'.
[2024-11-18 10:37:31.094] [warning] Couldn't find file 'rradius.vtp'.
[2024-11-18 10:37:31.095] [warning] Couldn't find file 'r_hand.vtp'.
[2024-11-18 10:38:13.385] [info] Loaded model DAS3_clav_scap_orig from file das3.osim
[2024-11-18 10:38:13.386] [warning] Couldn't find file 'ground_ribs.vtp'.
[2024-11-18 10:38:13.387] [warning] Couldn't find file 'ground_spine.vtp'.
[2024-11-18 10:38:13.388] [warning] Couldn't find file 'ground_skull.vtp'.
[2024-11-18 10:38:13.388] [warning] Couldn't find file 'ground_jaw.vtp'.
[2024-11-18 10:38:13.389] [warning] Couldn't find file 'rclavicle.vtp'.
[2024-11-18 10:38:13.390] [warning] Couldn't find file 'rscapula.vtp'.
[2024-11-18 10:38:13.391] [warning] Couldn't find file 'rhumerus.vtp'.
[2024-11-18 10:38:13.392] [warning] Couldn't find file 'rulna.vtp'.
[2024-11-18 10:38:13.393] [warning] Couldn't find file 'rradius.vtp'.
[2024-11-18 10:38:13.394] [warning] Couldn't find file 'r_hand.vtp'.
[2024-11-18 10:39:03.698] [info] Loaded model DAS3_clav_scap_orig from file das3.osim
[2024-11-18 10:39:03.699] [warning] Couldn't find file 'ground_ribs.vtp'.
[2024-11-18 10:39:03.700] [warning] Couldn't find file 'ground_spine.vtp'.
[2024-11-18 10:39:03.701] [warning] Couldn't find file 'ground_skull.vtp'.
[2024-11-18 10:39:03.702] [warning] Couldn't find file 'ground_jaw.vtp'.
[2024-11-18 10:39:03.703] [warning] Couldn't find file 'rclavicle.vtp'.
[2024-11-18 10:39:03.703] [warning] Couldn't find file 'rscapula.vtp'.
[2024-11-18 10:39:03.704] [warning] Couldn't find file 'rhumerus.vtp'.
[2024-11-18 10:39:03.705] [warning] Couldn't find file 'rulna.vtp'.
[2024-11-18 10:39:03.705] [warning] Couldn't find file 'rradius.vtp'.
[2024-11-18 10:39:03.706] [warning] Couldn't find file 'r_hand.vtp'.
[2024-11-18 10:39:51.482] [info] Loaded model DAS3_clav_scap_orig from file das3.osim
[2024-11-18 10:39:51.483] [warning] Couldn't find file 'ground_ribs.vtp'.
[2024-11-18 10:39:51.484] [warning] Couldn't find file 'ground_spine.vtp'.
[2024-11-18 10:39:51.484] [warning] Couldn't find file 'ground_skull.vtp'.
[2024-11-18 10:39:51.485] [warning] Couldn't find file 'ground_jaw.vtp'.
[2024-11-18 10:39:51.486] [warning] Couldn't find file 'rclavicle.vtp'.
[2024-11-18 10:39:51.487] [warning] Couldn't find file 'rscapula.vtp'.
[2024-11-18 10:39:51.487] [warning] Couldn't find file 'rhumerus.vtp'.
[2024-11-18 10:39:51.488] [warning] Couldn't find file 'rulna.vtp'.
[2024-11-18 10:39:51.489] [warning] Couldn't find file 'rradius.vtp'.
[2024-11-18 10:39:51.490] [warning] Couldn't find file 'r_hand.vtp'.
[2024-11-18 10:40:33.603] [info] Loaded model DAS3_clav_scap_orig from file das3.osim
[2024-11-18 10:40:33.604] [warning] Couldn't find file 'ground_ribs.vtp'.
[2024-11-18 10:40:33.605] [warning] Couldn't find file 'ground_spine.vtp'.
[2024-11-18 10:40:33.606] [warning] Couldn't find file 'ground_skull.vtp'.
[2024-11-18 10:40:33.607] [warning] Couldn't find file 'ground_jaw.vtp'.
[2024-11-18 10:40:33.608] [warning] Couldn't find file 'rclavicle.vtp'.
[2024-11-18 10:40:33.608] [warning] Couldn't find file 'rscapula.vtp'.
[2024-11-18 10:40:33.609] [warning] Couldn't find file 'rhumerus.vtp'.
[2024-11-18 10:40:33.610] [warning] Couldn't find file 'rulna.vtp'.
[2024-11-18 10:40:33.611] [warning] Couldn't find file 'rradius.vtp'.
[2024-11-18 10:40:33.611] [warning] Couldn't find file 'r_hand.vtp'.
[2024-11-18 12:11:03.467] [info] Loaded model DAS3_clav_scap_orig from file das3.osim
[2024-11-18 12:11:03.469] [warning] Couldn't find file 'ground_ribs.vtp'.
[2024-11-18 12:11:03.469] [warning] Couldn't find file 'ground_spine.vtp'.
[2024-11-18 12:11:03.470] [warning] Couldn't find file 'ground_skull.vtp'.
[2024-11-18 12:11:03.471] [warning] Couldn't find file 'ground_jaw.vtp'.
[2024-11-18 12:11:03.472] [warning] Couldn't find file 'rclavicle.vtp'.
[2024-11-18 12:11:03.473] [warning] Couldn't find file 'rscapula.vtp'.
[2024-11-18 12:11:03.473] [warning] Couldn't find file 'rhumerus.vtp'.
[2024-11-18 12:11:03.474] [warning] Couldn't find file 'rulna.vtp'.
[2024-11-18 12:11:03.475] [warning] Couldn't find file 'rradius.vtp'.
[2024-11-18 12:11:03.476] [warning] Couldn't find file 'r_hand.vtp'.
[2024-11-18 12:12:59.349] [info] Loaded model DAS3_clav_scap_orig from file das3.osim
[2024-11-18 12:12:59.351] [warning] Couldn't find file 'ground_ribs.vtp'.
[2024-11-18 12:12:59.352] [warning] Couldn't find file 'ground_spine.vtp'.
[2024-11-18 12:12:59.352] [warning] Couldn't find file 'ground_skull.vtp'.
[2024-11-18 12:12:59.353] [warning] Couldn't find file 'ground_jaw.vtp'.
[2024-11-18 12:12:59.354] [warning] Couldn't find file 'rclavicle.vtp'.
[2024-11-18 12:12:59.355] [warning] Couldn't find file 'rscapula.vtp'.
[2024-11-18 12:12:59.355] [warning] Couldn't find file 'rhumerus.vtp'.
[2024-11-18 12:12:59.356] [warning] Couldn't find file 'rulna.vtp'.
[2024-11-18 12:12:59.357] [warning] Couldn't find file 'rradius.vtp'.
[2024-11-18 12:12:59.358] [warning] Couldn't find file 'r_hand.vtp'.
[2024-11-18 12:13:00.178] [info] Loaded model DAS3_clav_scap_orig from file das3.osim
[2024-11-18 12:13:00.180] [warning] Couldn't find file 'ground_ribs.vtp'.
[2024-11-18 12:13:00.181] [warning] Couldn't find file 'ground_spine.vtp'.
[2024-11-18 12:13:00.181] [warning] Couldn't find file 'ground_skull.vtp'.
[2024-11-18 12:13:00.182] [warning] Couldn't find file 'ground_jaw.vtp'.
[2024-11-18 12:13:00.183] [warning] Couldn't find file 'rclavicle.vtp'.
[2024-11-18 12:13:00.184] [warning] Couldn't find file 'rscapula.vtp'.
[2024-11-18 12:13:00.185] [warning] Couldn't find file 'rhumerus.vtp'.
[2024-11-18 12:13:00.186] [warning] Couldn't find file 'rulna.vtp'.
[2024-11-18 12:13:00.187] [warning] Couldn't find file 'rradius.vtp'.
[2024-11-18 12:13:00.187] [warning] Couldn't find file 'r_hand.vtp'.
[2024-11-18 15:38:42.441] [info] Loaded model DAS3_clav_scap_orig from file das3.osim
[2024-11-18 15:38:42.442] [warning] Couldn't find file 'ground_ribs.vtp'.
[2024-11-18 15:38:42.443] [warning] Couldn't find file 'ground_spine.vtp'.
[2024-11-18 15:38:42.444] [warning] Couldn't find file 'ground_skull.vtp'.
[2024-11-18 15:38:42.445] [warning] Couldn't find file 'ground_jaw.vtp'.
[2024-11-18 15:38:42.445] [warning] Couldn't find file 'rclavicle.vtp'.
[2024-11-18 15:38:42.446] [warning] Couldn't find file 'rscapula.vtp'.
[2024-11-18 15:38:42.447] [warning] Couldn't find file 'rhumerus.vtp'.
[2024-11-18 15:38:42.448] [warning] Couldn't find file 'rulna.vtp'.
[2024-11-18 15:38:42.449] [warning] Couldn't find file 'rradius.vtp'.
[2024-11-18 15:38:42.450] [warning] Couldn't find file 'r_hand.vtp'.
[2024-11-18 15:38:43.427] [info] Loaded model DAS3_clav_scap_orig from file das3.osim
[2024-11-18 15:38:43.428] [warning] Couldn't find file 'ground_ribs.vtp'.
[2024-11-18 15:38:43.429] [warning] Couldn't find file 'ground_spine.vtp'.
[2024-11-18 15:38:43.430] [warning] Couldn't find file 'ground_skull.vtp'.
[2024-11-18 15:38:43.430] [warning] Couldn't find file 'ground_jaw.vtp'.
[2024-11-18 15:38:43.431] [warning] Couldn't find file 'rclavicle.vtp'.
[2024-11-18 15:38:43.432] [warning] Couldn't find file 'rscapula.vtp'.
[2024-11-18 15:38:43.432] [warning] Couldn't find file 'rhumerus.vtp'.
[2024-11-18 15:38:43.433] [warning] Couldn't find file 'rulna.vtp'.
[2024-11-18 15:38:43.434] [warning] Couldn't find file 'rradius.vtp'.
[2024-11-18 15:38:43.435] [warning] Couldn't find file 'r_hand.vtp'.
[2024-11-18 15:40:57.380] [info] Loaded model DAS3_clav_scap_orig from file das3.osim
[2024-11-18 15:40:57.381] [warning] Couldn't find file 'ground_ribs.vtp'.
[2024-11-18 15:40:57.382] [warning] Couldn't find file 'ground_spine.vtp'.
[2024-11-18 15:40:57.382] [warning] Couldn't find file 'ground_skull.vtp'.
[2024-11-18 15:40:57.383] [warning] Couldn't find file 'ground_jaw.vtp'.
[2024-11-18 15:40:57.384] [warning] Couldn't find file 'rclavicle.vtp'.
[2024-11-18 15:40:57.386] [warning] Couldn't find file 'rscapula.vtp'.
[2024-11-18 15:40:57.387] [warning] Couldn't find file 'rhumerus.vtp'.
[2024-11-18 15:40:57.388] [warning] Couldn't find file 'rulna.vtp'.
[2024-11-18 15:40:57.389] [warning] Couldn't find file 'rradius.vtp'.
[2024-11-18 15:40:57.389] [warning] Couldn't find file 'r_hand.vtp'.
[2024-11-18 15:42:43.622] [info] Loaded model DAS3_clav_scap_orig from file das3.osim
[2024-11-18 15:42:43.623] [warning] Couldn't find file 'ground_ribs.vtp'.
[2024-11-18 15:42:43.624] [warning] Couldn't find file 'ground_spine.vtp'.
[2024-11-18 15:42:43.625] [warning] Couldn't find file 'ground_skull.vtp'.
[2024-11-18 15:42:43.625] [warning] Couldn't find file 'ground_jaw.vtp'.
[2024-11-18 15:42:43.626] [warning] Couldn't find file 'rclavicle.vtp'.
[2024-11-18 15:42:43.627] [warning] Couldn't find file 'rscapula.vtp'.
[2024-11-18 15:42:43.627] [warning] Couldn't find file 'rhumerus.vtp'.
[2024-11-18 15:42:43.628] [warning] Couldn't find file 'rulna.vtp'.
[2024-11-18 15:42:43.629] [warning] Couldn't find file 'rradius.vtp'.
[2024-11-18 15:42:43.630] [warning] Couldn't find file 'r_hand.vtp'.
[2024-11-18 15:42:44.434] [info] Loaded model DAS3_clav_scap_orig from file das3.osim
[2024-11-18 15:42:44.435] [warning] Couldn't find file 'ground_ribs.vtp'.
[2024-11-18 15:42:44.437] [warning] Couldn't find file 'ground_spine.vtp'.
[2024-11-18 15:42:44.438] [warning] Couldn't find file 'ground_skull.vtp'.
[2024-11-18 15:42:44.438] [warning] Couldn't find file 'ground_jaw.vtp'.
[2024-11-18 15:42:44.439] [warning] Couldn't find file 'rclavicle.vtp'.
[2024-11-18 15:42:44.440] [warning] Couldn't find file 'rscapula.vtp'.
[2024-11-18 15:42:44.441] [warning] Couldn't find file 'rhumerus.vtp'.
[2024-11-18 15:42:44.442] [warning] Couldn't find file 'rulna.vtp'.
[2024-11-18 15:42:44.443] [warning] Couldn't find file 'rradius.vtp'.
[2024-11-18 15:42:44.444] [warning] Couldn't find file 'r_hand.vtp'.
[2024-11-18 15:45:01.615] [info] Loaded model DAS3_clav_scap_orig from file das3.osim
[2024-11-18 15:45:01.617] [warning] Couldn't find file 'ground_ribs.vtp'.
[2024-11-18 15:45:01.618] [warning] Couldn't find file 'ground_spine.vtp'.
[2024-11-18 15:45:01.619] [warning] Couldn't find file 'ground_skull.vtp'.
[2024-11-18 15:45:01.620] [warning] Couldn't find file 'ground_jaw.vtp'.
[2024-11-18 15:45:01.620] [warning] Couldn't find file 'rclavicle.vtp'.
[2024-11-18 15:45:01.621] [warning] Couldn't find file 'rscapula.vtp'.
[2024-11-18 15:45:01.622] [warning] Couldn't find file 'rhumerus.vtp'.
[2024-11-18 15:45:01.623] [warning] Couldn't find file 'rulna.vtp'.
[2024-11-18 15:45:01.623] [warning] Couldn't find file 'rradius.vtp'.
[2024-11-18 15:45:01.624] [warning] Couldn't find file 'r_hand.vtp'.
[2024-11-18 16:29:52.792] [info] Loaded model DAS3_clav_scap_orig from file das3.osim
[2024-11-18 16:29:52.793] [warning] Couldn't find file 'ground_ribs.vtp'.
[2024-11-18 16:29:52.794] [warning] Couldn't find file 'ground_spine.vtp'.
[2024-11-18 16:29:52.795] [warning] Couldn't find file 'ground_skull.vtp'.
[2024-11-18 16:29:52.796] [warning] Couldn't find file 'ground_jaw.vtp'.
[2024-11-18 16:29:52.796] [warning] Couldn't find file 'rclavicle.vtp'.
[2024-11-18 16:29:52.797] [warning] Couldn't find file 'rscapula.vtp'.
[2024-11-18 16:29:52.798] [warning] Couldn't find file 'rhumerus.vtp'.
[2024-11-18 16:29:52.799] [warning] Couldn't find file 'rulna.vtp'.
[2024-11-18 16:29:52.800] [warning] Couldn't find file 'rradius.vtp'.
[2024-11-18 16:29:52.801] [warning] Couldn't find file 'r_hand.vtp'.
[2024-11-18 16:29:53.661] [info] Loaded model DAS3_clav_scap_orig from file das3.osim
[2024-11-18 16:29:53.662] [warning] Couldn't find file 'ground_ribs.vtp'.
[2024-11-18 16:29:53.663] [warning] Couldn't find file 'ground_spine.vtp'.
[2024-11-18 16:29:53.664] [warning] Couldn't find file 'ground_skull.vtp'.
[2024-11-18 16:29:53.664] [warning] Couldn't find file 'ground_jaw.vtp'.
[2024-11-18 16:29:53.665] [warning] Couldn't find file 'rclavicle.vtp'.
[2024-11-18 16:29:53.666] [warning] Couldn't find file 'rscapula.vtp'.
[2024-11-18 16:29:53.667] [warning] Couldn't find file 'rhumerus.vtp'.
[2024-11-18 16:29:53.668] [warning] Couldn't find file 'rulna.vtp'.
[2024-11-18 16:29:53.668] [warning] Couldn't find file 'rradius.vtp'.
[2024-11-18 16:29:53.669] [warning] Couldn't find file 'r_hand.vtp'.
[2024-11-18 16:32:04.155] [info] Loaded model DAS3_clav_scap_orig from file das3.osim
[2024-11-18 16:32:04.156] [warning] Couldn't find file 'ground_ribs.vtp'.
[2024-11-18 16:32:04.157] [warning] Couldn't find file 'ground_spine.vtp'.
[2024-11-18 16:32:04.158] [warning] Couldn't find file 'ground_skull.vtp'.
[2024-11-18 16:32:04.159] [warning] Couldn't find file 'ground_jaw.vtp'.
[2024-11-18 16:32:04.159] [warning] Couldn't find file 'rclavicle.vtp'.
[2024-11-18 16:32:04.160] [warning] Couldn't find file 'rscapula.vtp'.
[2024-11-18 16:32:04.161] [warning] Couldn't find file 'rhumerus.vtp'.
[2024-11-18 16:32:04.162] [warning] Couldn't find file 'rulna.vtp'.
[2024-11-18 16:32:04.163] [warning] Couldn't find file 'rradius.vtp'.
[2024-11-18 16:32:04.164] [warning] Couldn't find file 'r_hand.vtp'.
[2024-11-18 20:04:19.324] [info] Loaded model DAS3_clav_scap_orig from file das3.osim
[2024-11-18 20:04:19.328] [warning] Couldn't find file 'ground_ribs.vtp'.
[2024-11-18 20:04:19.328] [warning] Couldn't find file 'ground_spine.vtp'.
[2024-11-18 20:04:19.328] [warning] Couldn't find file 'ground_skull.vtp'.
[2024-11-18 20:04:19.328] [warning] Couldn't find file 'ground_jaw.vtp'.
[2024-11-18 20:04:19.329] [warning] Couldn't find file 'rclavicle.vtp'.
[2024-11-18 20:04:19.330] [warning] Couldn't find file 'rscapula.vtp'.
[2024-11-18 20:04:19.330] [warning] Couldn't find file 'rhumerus.vtp'.
[2024-11-18 20:04:19.330] [warning] Couldn't find file 'rulna.vtp'.
[2024-11-18 20:04:19.330] [warning] Couldn't find file 'rradius.vtp'.
[2024-11-18 20:04:19.330] [warning] Couldn't find file 'r_hand.vtp'.
[2024-11-18 20:04:21.640] [info] Loaded model DAS3_clav_scap_orig from file das3.osim
[2024-11-18 20:04:21.641] [warning] Couldn't find file 'ground_ribs.vtp'.
[2024-11-18 20:04:21.641] [warning] Couldn't find file 'ground_spine.vtp'.
[2024-11-18 20:04:21.641] [warning] Couldn't find file 'ground_skull.vtp'.
[2024-11-18 20:04:21.641] [warning] Couldn't find file 'ground_jaw.vtp'.
[2024-11-18 20:04:21.641] [warning] Couldn't find file 'rclavicle.vtp'.
[2024-11-18 20:04:21.641] [warning] Couldn't find file 'rscapula.vtp'.
[2024-11-18 20:04:21.642] [warning] Couldn't find file 'rhumerus.vtp'.
[2024-11-18 20:04:21.642] [warning] Couldn't find file 'rulna.vtp'.
[2024-11-18 20:04:21.642] [warning] Couldn't find file 'rradius.vtp'.
[2024-11-18 20:04:21.642] [warning] Couldn't find file 'r_hand.vtp'.
[2024-11-18 20:04:23.809] [info] Loaded model DAS3_clav_scap_orig from file das3.osim
[2024-11-18 20:04:23.810] [warning] Couldn't find file 'ground_ribs.vtp'.
[2024-11-18 20:04:23.810] [warning] Couldn't find file 'ground_spine.vtp'.
[2024-11-18 20:04:23.810] [warning] Couldn't find file 'ground_skull.vtp'.
[2024-11-18 20:04:23.810] [warning] Couldn't find file 'ground_jaw.vtp'.
[2024-11-18 20:04:23.810] [warning] Couldn't find file 'rclavicle.vtp'.
[2024-11-18 20:04:23.810] [warning] Couldn't find file 'rscapula.vtp'.
[2024-11-18 20:04:23.810] [warning] Couldn't find file 'rhumerus.vtp'.
[2024-11-18 20:04:23.810] [warning] Couldn't find file 'rulna.vtp'.
[2024-11-18 20:04:23.810] [warning] Couldn't find file 'rradius.vtp'.
[2024-11-18 20:04:23.811] [warning] Couldn't find file 'r_hand.vtp'.
[2024-11-18 20:05:43.350] [info] Loaded model DAS3_clav_scap_orig from file das3.osim
[2024-11-18 20:05:43.352] [warning] Couldn't find file 'ground_ribs.vtp'.
[2024-11-18 20:05:43.352] [warning] Couldn't find file 'ground_spine.vtp'.
[2024-11-18 20:05:43.352] [warning] Couldn't find file 'ground_skull.vtp'.
[2024-11-18 20:05:43.352] [warning] Couldn't find file 'ground_jaw.vtp'.
[2024-11-18 20:05:43.353] [warning] Couldn't find file 'rclavicle.vtp'.
[2024-11-18 20:05:43.353] [warning] Couldn't find file 'rscapula.vtp'.
[2024-11-18 20:05:43.353] [warning] Couldn't find file 'rhumerus.vtp'.
[2024-11-18 20:05:43.353] [warning] Couldn't find file 'rulna.vtp'.
[2024-11-18 20:05:43.353] [warning] Couldn't find file 'rradius.vtp'.
[2024-11-18 20:05:43.353] [warning] Couldn't find file 'r_hand.vtp'.
[2024-11-18 20:05:44.801] [info] Loaded model DAS3_clav_scap_orig from file das3.osim
[2024-11-18 20:05:44.802] [warning] Couldn't find file 'ground_ribs.vtp'.
[2024-11-18 20:05:44.802] [warning] Couldn't find file 'ground_spine.vtp'.
[2024-11-18 20:05:44.802] [warning] Couldn't find file 'ground_skull.vtp'.
[2024-11-18 20:05:44.802] [warning] Couldn't find file 'ground_jaw.vtp'.
[2024-11-18 20:05:44.802] [warning] Couldn't find file 'rclavicle.vtp'.
[2024-11-18 20:05:44.802] [warning] Couldn't find file 'rscapula.vtp'.
[2024-11-18 20:05:44.803] [warning] Couldn't find file 'rhumerus.vtp'.
[2024-11-18 20:05:44.803] [warning] Couldn't find file 'rulna.vtp'.
[2024-11-18 20:05:44.803] [warning] Couldn't find file 'rradius.vtp'.
[2024-11-18 20:05:44.803] [warning] Couldn't find file 'r_hand.vtp'.
[2024-11-18 20:07:52.210] [info] Loaded model DAS3_clav_scap_orig from file das3.osim
[2024-11-18 20:07:52.211] [warning] Couldn't find file 'ground_ribs.vtp'.
[2024-11-18 20:07:52.211] [warning] Couldn't find file 'ground_spine.vtp'.
[2024-11-18 20:07:52.212] [warning] Couldn't find file 'ground_skull.vtp'.
[2024-11-18 20:07:52.212] [warning] Couldn't find file 'ground_jaw.vtp'.
[2024-11-18 20:07:52.212] [warning] Couldn't find file 'rclavicle.vtp'.
[2024-11-18 20:07:52.212] [warning] Couldn't find file 'rscapula.vtp'.
[2024-11-18 20:07:52.212] [warning] Couldn't find file 'rhumerus.vtp'.
[2024-11-18 20:07:52.213] [warning] Couldn't find file 'rulna.vtp'.
[2024-11-18 20:07:52.213] [warning] Couldn't find file 'rradius.vtp'.
[2024-11-18 20:07:52.213] [warning] Couldn't find file 'r_hand.vtp'.
